<?xml version="1.0" encoding="UTF-8"?>
<testng-results ignored="0" total="2" passed="2" failed="0" skipped="0">
  <reporter-output>
  </reporter-output>
  <suite started-at="2021-11-02T01:12:10 EDT" name="Testing Google Apps" finished-at="2021-11-02T01:12:10 EDT" duration-ms="50">
    <groups>
    </groups>
    <test started-at="2021-11-02T01:12:10 EDT" name="Params" finished-at="2021-11-02T01:12:10 EDT" duration-ms="50">
      <class name="ParametersTest">
        <test-method signature="Diff(int,int)[pri:0, instance:ParametersTest@44a7bfbc]" started-at="2021-11-02T01:12:10 EDT" name="Diff" finished-at="2021-11-02T01:12:10 EDT" duration-ms="14" status="PASS">
          <params>
            <param index="0">
              <value>
                <![CDATA[20]]>
              </value>
            </param>
            <param index="1">
              <value>
                <![CDATA[10]]>
              </value>
            </param>
          </params>
          <reporter-output>
          </reporter-output>
        </test-method> <!-- Diff -->
        <test-method signature="Sum(int,int)[pri:0, instance:ParametersTest@44a7bfbc]" started-at="2021-11-02T01:12:10 EDT" name="Sum" finished-at="2021-11-02T01:12:10 EDT" duration-ms="1" status="PASS">
          <params>
            <param index="0">
              <value>
                <![CDATA[20]]>
              </value>
            </param>
            <param index="1">
              <value>
                <![CDATA[10]]>
              </value>
            </param>
          </params>
          <reporter-output>
          </reporter-output>
        </test-method> <!-- Sum -->
      </class> <!-- ParametersTest -->
    </test> <!-- Params -->
  </suite> <!-- Testing Google Apps -->
</testng-results>
